Start testing: Mar 29 17:10 PDT
----------------------------------------------------------
1/31 Testing: ArenaAllocator.BasicAlloc
1/31 Test: ArenaAllocator.BasicAlloc
Command: "/Users/douglascreel/dev/anacapa/build/tests/anacapa_tests" "--gtest_filter=ArenaAllocator.BasicAlloc" "--gtest_also_run_disabled_tests"
Directory: /Users/douglascreel/dev/anacapa/build/tests
"ArenaAllocator.BasicAlloc" start time: Mar 29 17:10 PDT
Output:
----------------------------------------------------------
Running main() from /Users/douglascreel/dev/anacapa/build/_deps/googletest-src/googletest/src/gtest_main.cc
Note: Google Test filter = ArenaAllocator.BasicAlloc
[==========] Running 1 test from 1 test suite.
[----------] Global test environment set-up.
[----------] 1 test from ArenaAllocator
[ RUN      ] ArenaAllocator.BasicAlloc
[       OK ] ArenaAllocator.BasicAlloc (0 ms)
[----------] 1 test from ArenaAllocator (0 ms total)

[----------] Global test environment tear-down
[==========] 1 test from 1 test suite ran. (0 ms total)
[  PASSED  ] 1 test.
<end of output>
Test time =   0.04 sec
----------------------------------------------------------
Test Passed.
"ArenaAllocator.BasicAlloc" end time: Mar 29 17:10 PDT
"ArenaAllocator.BasicAlloc" time elapsed: 00:00:00
----------------------------------------------------------

2/31 Testing: ArenaAllocator.AlignmentRespected
2/31 Test: ArenaAllocator.AlignmentRespected
Command: "/Users/douglascreel/dev/anacapa/build/tests/anacapa_tests" "--gtest_filter=ArenaAllocator.AlignmentRespected" "--gtest_also_run_disabled_tests"
Directory: /Users/douglascreel/dev/anacapa/build/tests
"ArenaAllocator.AlignmentRespected" start time: Mar 29 17:10 PDT
Output:
----------------------------------------------------------
Running main() from /Users/douglascreel/dev/anacapa/build/_deps/googletest-src/googletest/src/gtest_main.cc
Note: Google Test filter = ArenaAllocator.AlignmentRespected
[==========] Running 1 test from 1 test suite.
[----------] Global test environment set-up.
[----------] 1 test from ArenaAllocator
[ RUN      ] ArenaAllocator.AlignmentRespected
[       OK ] ArenaAllocator.AlignmentRespected (0 ms)
[----------] 1 test from ArenaAllocator (0 ms total)

[----------] Global test environment tear-down
[==========] 1 test from 1 test suite ran. (0 ms total)
[  PASSED  ] 1 test.
<end of output>
Test time =   0.03 sec
----------------------------------------------------------
Test Passed.
"ArenaAllocator.AlignmentRespected" end time: Mar 29 17:10 PDT
"ArenaAllocator.AlignmentRespected" time elapsed: 00:00:00
----------------------------------------------------------

3/31 Testing: ArenaAllocator.ResetReclaims
3/31 Test: ArenaAllocator.ResetReclaims
Command: "/Users/douglascreel/dev/anacapa/build/tests/anacapa_tests" "--gtest_filter=ArenaAllocator.ResetReclaims" "--gtest_also_run_disabled_tests"
Directory: /Users/douglascreel/dev/anacapa/build/tests
"ArenaAllocator.ResetReclaims" start time: Mar 29 17:10 PDT
Output:
----------------------------------------------------------
Running main() from /Users/douglascreel/dev/anacapa/build/_deps/googletest-src/googletest/src/gtest_main.cc
Note: Google Test filter = ArenaAllocator.ResetReclaims
[==========] Running 1 test from 1 test suite.
[----------] Global test environment set-up.
[----------] 1 test from ArenaAllocator
[ RUN      ] ArenaAllocator.ResetReclaims
[       OK ] ArenaAllocator.ResetReclaims (0 ms)
[----------] 1 test from ArenaAllocator (0 ms total)

[----------] Global test environment tear-down
[==========] 1 test from 1 test suite ran. (0 ms total)
[  PASSED  ] 1 test.
<end of output>
Test time =   0.03 sec
----------------------------------------------------------
Test Passed.
"ArenaAllocator.ResetReclaims" end time: Mar 29 17:10 PDT
"ArenaAllocator.ResetReclaims" time elapsed: 00:00:00
----------------------------------------------------------

4/31 Testing: ArenaAllocator.WatermarkRewind
4/31 Test: ArenaAllocator.WatermarkRewind
Command: "/Users/douglascreel/dev/anacapa/build/tests/anacapa_tests" "--gtest_filter=ArenaAllocator.WatermarkRewind" "--gtest_also_run_disabled_tests"
Directory: /Users/douglascreel/dev/anacapa/build/tests
"ArenaAllocator.WatermarkRewind" start time: Mar 29 17:10 PDT
Output:
----------------------------------------------------------
Running main() from /Users/douglascreel/dev/anacapa/build/_deps/googletest-src/googletest/src/gtest_main.cc
Note: Google Test filter = ArenaAllocator.WatermarkRewind
[==========] Running 1 test from 1 test suite.
[----------] Global test environment set-up.
[----------] 1 test from ArenaAllocator
[ RUN      ] ArenaAllocator.WatermarkRewind
[       OK ] ArenaAllocator.WatermarkRewind (0 ms)
[----------] 1 test from ArenaAllocator (0 ms total)

[----------] Global test environment tear-down
[==========] 1 test from 1 test suite ran. (0 ms total)
[  PASSED  ] 1 test.
<end of output>
Test time =   0.03 sec
----------------------------------------------------------
Test Passed.
"ArenaAllocator.WatermarkRewind" end time: Mar 29 17:10 PDT
"ArenaAllocator.WatermarkRewind" time elapsed: 00:00:00
----------------------------------------------------------

5/31 Testing: ArenaAllocator.ExhaustionReturnsNull
5/31 Test: ArenaAllocator.ExhaustionReturnsNull
Command: "/Users/douglascreel/dev/anacapa/build/tests/anacapa_tests" "--gtest_filter=ArenaAllocator.ExhaustionReturnsNull" "--gtest_also_run_disabled_tests"
Directory: /Users/douglascreel/dev/anacapa/build/tests
"ArenaAllocator.ExhaustionReturnsNull" start time: Mar 29 17:10 PDT
Output:
----------------------------------------------------------
Running main() from /Users/douglascreel/dev/anacapa/build/_deps/googletest-src/googletest/src/gtest_main.cc
Note: Google Test filter = ArenaAllocator.ExhaustionReturnsNull
[==========] Running 1 test from 1 test suite.
[----------] Global test environment set-up.
[----------] 1 test from ArenaAllocator
[ RUN      ] ArenaAllocator.ExhaustionReturnsNull
[       OK ] ArenaAllocator.ExhaustionReturnsNull (0 ms)
[----------] 1 test from ArenaAllocator (0 ms total)

[----------] Global test environment tear-down
[==========] 1 test from 1 test suite ran. (0 ms total)
[  PASSED  ] 1 test.
<end of output>
Test time =   0.03 sec
----------------------------------------------------------
Test Passed.
"ArenaAllocator.ExhaustionReturnsNull" end time: Mar 29 17:10 PDT
"ArenaAllocator.ExhaustionReturnsNull" time elapsed: 00:00:00
----------------------------------------------------------

6/31 Testing: ArenaAllocator.Create
6/31 Test: ArenaAllocator.Create
Command: "/Users/douglascreel/dev/anacapa/build/tests/anacapa_tests" "--gtest_filter=ArenaAllocator.Create" "--gtest_also_run_disabled_tests"
Directory: /Users/douglascreel/dev/anacapa/build/tests
"ArenaAllocator.Create" start time: Mar 29 17:10 PDT
Output:
----------------------------------------------------------
Running main() from /Users/douglascreel/dev/anacapa/build/_deps/googletest-src/googletest/src/gtest_main.cc
Note: Google Test filter = ArenaAllocator.Create
[==========] Running 1 test from 1 test suite.
[----------] Global test environment set-up.
[----------] 1 test from ArenaAllocator
[ RUN      ] ArenaAllocator.Create
[       OK ] ArenaAllocator.Create (0 ms)
[----------] 1 test from ArenaAllocator (0 ms total)

[----------] Global test environment tear-down
[==========] 1 test from 1 test suite ran. (0 ms total)
[  PASSED  ] 1 test.
<end of output>
Test time =   0.03 sec
----------------------------------------------------------
Test Passed.
"ArenaAllocator.Create" end time: Mar 29 17:10 PDT
"ArenaAllocator.Create" time elapsed: 00:00:00
----------------------------------------------------------

7/31 Testing: PathVertexBuffer.ConstructAndReset
7/31 Test: PathVertexBuffer.ConstructAndReset
Command: "/Users/douglascreel/dev/anacapa/build/tests/anacapa_tests" "--gtest_filter=PathVertexBuffer.ConstructAndReset" "--gtest_also_run_disabled_tests"
Directory: /Users/douglascreel/dev/anacapa/build/tests
"PathVertexBuffer.ConstructAndReset" start time: Mar 29 17:10 PDT
Output:
----------------------------------------------------------
Running main() from /Users/douglascreel/dev/anacapa/build/_deps/googletest-src/googletest/src/gtest_main.cc
Note: Google Test filter = PathVertexBuffer.ConstructAndReset
[==========] Running 1 test from 1 test suite.
[----------] Global test environment set-up.
[----------] 1 test from PathVertexBuffer
[ RUN      ] PathVertexBuffer.ConstructAndReset
[       OK ] PathVertexBuffer.ConstructAndReset (0 ms)
[----------] 1 test from PathVertexBuffer (0 ms total)

[----------] Global test environment tear-down
[==========] 1 test from 1 test suite ran. (0 ms total)
[  PASSED  ] 1 test.
<end of output>
Test time =   0.03 sec
----------------------------------------------------------
Test Passed.
"PathVertexBuffer.ConstructAndReset" end time: Mar 29 17:10 PDT
"PathVertexBuffer.ConstructAndReset" time elapsed: 00:00:00
----------------------------------------------------------

8/31 Testing: PathVertexBuffer.FlagsRoundtrip
8/31 Test: PathVertexBuffer.FlagsRoundtrip
Command: "/Users/douglascreel/dev/anacapa/build/tests/anacapa_tests" "--gtest_filter=PathVertexBuffer.FlagsRoundtrip" "--gtest_also_run_disabled_tests"
Directory: /Users/douglascreel/dev/anacapa/build/tests
"PathVertexBuffer.FlagsRoundtrip" start time: Mar 29 17:10 PDT
Output:
----------------------------------------------------------
Running main() from /Users/douglascreel/dev/anacapa/build/_deps/googletest-src/googletest/src/gtest_main.cc
Note: Google Test filter = PathVertexBuffer.FlagsRoundtrip
[==========] Running 1 test from 1 test suite.
[----------] Global test environment set-up.
[----------] 1 test from PathVertexBuffer
[ RUN      ] PathVertexBuffer.FlagsRoundtrip
[       OK ] PathVertexBuffer.FlagsRoundtrip (0 ms)
[----------] 1 test from PathVertexBuffer (0 ms total)

[----------] Global test environment tear-down
[==========] 1 test from 1 test suite ran. (0 ms total)
[  PASSED  ] 1 test.
<end of output>
Test time =   0.03 sec
----------------------------------------------------------
Test Passed.
"PathVertexBuffer.FlagsRoundtrip" end time: Mar 29 17:10 PDT
"PathVertexBuffer.FlagsRoundtrip" time elapsed: 00:00:00
----------------------------------------------------------

9/31 Testing: PathVertexBuffer.DeviceViewPointers
9/31 Test: PathVertexBuffer.DeviceViewPointers
Command: "/Users/douglascreel/dev/anacapa/build/tests/anacapa_tests" "--gtest_filter=PathVertexBuffer.DeviceViewPointers" "--gtest_also_run_disabled_tests"
Directory: /Users/douglascreel/dev/anacapa/build/tests
"PathVertexBuffer.DeviceViewPointers" start time: Mar 29 17:10 PDT
Output:
----------------------------------------------------------
Running main() from /Users/douglascreel/dev/anacapa/build/_deps/googletest-src/googletest/src/gtest_main.cc
Note: Google Test filter = PathVertexBuffer.DeviceViewPointers
[==========] Running 1 test from 1 test suite.
[----------] Global test environment set-up.
[----------] 1 test from PathVertexBuffer
[ RUN      ] PathVertexBuffer.DeviceViewPointers
[       OK ] PathVertexBuffer.DeviceViewPointers (0 ms)
[----------] 1 test from PathVertexBuffer (0 ms total)

[----------] Global test environment tear-down
[==========] 1 test from 1 test suite ran. (0 ms total)
[  PASSED  ] 1 test.
<end of output>
Test time =   0.03 sec
----------------------------------------------------------
Test Passed.
"PathVertexBuffer.DeviceViewPointers" end time: Mar 29 17:10 PDT
"PathVertexBuffer.DeviceViewPointers" time elapsed: 00:00:00
----------------------------------------------------------

10/31 Testing: PathVertex.ConvertToAreaOrthogonal
10/31 Test: PathVertex.ConvertToAreaOrthogonal
Command: "/Users/douglascreel/dev/anacapa/build/tests/anacapa_tests" "--gtest_filter=PathVertex.ConvertToAreaOrthogonal" "--gtest_also_run_disabled_tests"
Directory: /Users/douglascreel/dev/anacapa/build/tests
"PathVertex.ConvertToAreaOrthogonal" start time: Mar 29 17:10 PDT
Output:
----------------------------------------------------------
Running main() from /Users/douglascreel/dev/anacapa/build/_deps/googletest-src/googletest/src/gtest_main.cc
Note: Google Test filter = PathVertex.ConvertToAreaOrthogonal
[==========] Running 1 test from 1 test suite.
[----------] Global test environment set-up.
[----------] 1 test from PathVertex
[ RUN      ] PathVertex.ConvertToAreaOrthogonal
[       OK ] PathVertex.ConvertToAreaOrthogonal (0 ms)
[----------] 1 test from PathVertex (0 ms total)

[----------] Global test environment tear-down
[==========] 1 test from 1 test suite ran. (0 ms total)
[  PASSED  ] 1 test.
<end of output>
Test time =   0.03 sec
----------------------------------------------------------
Test Passed.
"PathVertex.ConvertToAreaOrthogonal" end time: Mar 29 17:10 PDT
"PathVertex.ConvertToAreaOrthogonal" time elapsed: 00:00:00
----------------------------------------------------------

11/31 Testing: PathVertex.ConvertToAreaGrazingAngle
11/31 Test: PathVertex.ConvertToAreaGrazingAngle
Command: "/Users/douglascreel/dev/anacapa/build/tests/anacapa_tests" "--gtest_filter=PathVertex.ConvertToAreaGrazingAngle" "--gtest_also_run_disabled_tests"
Directory: /Users/douglascreel/dev/anacapa/build/tests
"PathVertex.ConvertToAreaGrazingAngle" start time: Mar 29 17:10 PDT
Output:
----------------------------------------------------------
Running main() from /Users/douglascreel/dev/anacapa/build/_deps/googletest-src/googletest/src/gtest_main.cc
Note: Google Test filter = PathVertex.ConvertToAreaGrazingAngle
[==========] Running 1 test from 1 test suite.
[----------] Global test environment set-up.
[----------] 1 test from PathVertex
[ RUN      ] PathVertex.ConvertToAreaGrazingAngle
[       OK ] PathVertex.ConvertToAreaGrazingAngle (0 ms)
[----------] 1 test from PathVertex (0 ms total)

[----------] Global test environment tear-down
[==========] 1 test from 1 test suite ran. (0 ms total)
[  PASSED  ] 1 test.
<end of output>
Test time =   0.03 sec
----------------------------------------------------------
Test Passed.
"PathVertex.ConvertToAreaGrazingAngle" end time: Mar 29 17:10 PDT
"PathVertex.ConvertToAreaGrazingAngle" time elapsed: 00:00:00
----------------------------------------------------------

12/31 Testing: MISWeight.SingleStrategyIsOne
12/31 Test: MISWeight.SingleStrategyIsOne
Command: "/Users/douglascreel/dev/anacapa/build/tests/anacapa_tests" "--gtest_filter=MISWeight.SingleStrategyIsOne" "--gtest_also_run_disabled_tests"
Directory: /Users/douglascreel/dev/anacapa/build/tests
"MISWeight.SingleStrategyIsOne" start time: Mar 29 17:10 PDT
Output:
----------------------------------------------------------
Running main() from /Users/douglascreel/dev/anacapa/build/_deps/googletest-src/googletest/src/gtest_main.cc
Note: Google Test filter = MISWeight.SingleStrategyIsOne
[==========] Running 1 test from 1 test suite.
[----------] Global test environment set-up.
[----------] 1 test from MISWeight
[ RUN      ] MISWeight.SingleStrategyIsOne
[       OK ] MISWeight.SingleStrategyIsOne (0 ms)
[----------] 1 test from MISWeight (0 ms total)

[----------] Global test environment tear-down
[==========] 1 test from 1 test suite ran. (0 ms total)
[  PASSED  ] 1 test.
<end of output>
Test time =   0.03 sec
----------------------------------------------------------
Test Passed.
"MISWeight.SingleStrategyIsOne" end time: Mar 29 17:10 PDT
"MISWeight.SingleStrategyIsOne" time elapsed: 00:00:00
----------------------------------------------------------

13/31 Testing: MISWeight.WeightInRange
13/31 Test: MISWeight.WeightInRange
Command: "/Users/douglascreel/dev/anacapa/build/tests/anacapa_tests" "--gtest_filter=MISWeight.WeightInRange" "--gtest_also_run_disabled_tests"
Directory: /Users/douglascreel/dev/anacapa/build/tests
"MISWeight.WeightInRange" start time: Mar 29 17:10 PDT
Output:
----------------------------------------------------------
Running main() from /Users/douglascreel/dev/anacapa/build/_deps/googletest-src/googletest/src/gtest_main.cc
Note: Google Test filter = MISWeight.WeightInRange
[==========] Running 1 test from 1 test suite.
[----------] Global test environment set-up.
[----------] 1 test from MISWeight
[ RUN      ] MISWeight.WeightInRange
[       OK ] MISWeight.WeightInRange (0 ms)
[----------] 1 test from MISWeight (0 ms total)

[----------] Global test environment tear-down
[==========] 1 test from 1 test suite ran. (0 ms total)
[  PASSED  ] 1 test.
<end of output>
Test time =   0.03 sec
----------------------------------------------------------
Test Passed.
"MISWeight.WeightInRange" end time: Mar 29 17:10 PDT
"MISWeight.WeightInRange" time elapsed: 00:00:00
----------------------------------------------------------

14/31 Testing: MISWeight.DeltaVertexZeroWeight
14/31 Test: MISWeight.DeltaVertexZeroWeight
Command: "/Users/douglascreel/dev/anacapa/build/tests/anacapa_tests" "--gtest_filter=MISWeight.DeltaVertexZeroWeight" "--gtest_also_run_disabled_tests"
Directory: /Users/douglascreel/dev/anacapa/build/tests
"MISWeight.DeltaVertexZeroWeight" start time: Mar 29 17:10 PDT
Output:
----------------------------------------------------------
Running main() from /Users/douglascreel/dev/anacapa/build/_deps/googletest-src/googletest/src/gtest_main.cc
Note: Google Test filter = MISWeight.DeltaVertexZeroWeight
[==========] Running 1 test from 1 test suite.
[----------] Global test environment set-up.
[----------] 1 test from MISWeight
[ RUN      ] MISWeight.DeltaVertexZeroWeight
[       OK ] MISWeight.DeltaVertexZeroWeight (0 ms)
[----------] 1 test from MISWeight (0 ms total)

[----------] Global test environment tear-down
[==========] 1 test from 1 test suite ran. (0 ms total)
[  PASSED  ] 1 test.
<end of output>
Test time =   0.03 sec
----------------------------------------------------------
Test Passed.
"MISWeight.DeltaVertexZeroWeight" end time: Mar 29 17:10 PDT
"MISWeight.DeltaVertexZeroWeight" time elapsed: 00:00:00
----------------------------------------------------------

15/31 Testing: LightSampler.SelectionProbabilities
15/31 Test: LightSampler.SelectionProbabilities
Command: "/Users/douglascreel/dev/anacapa/build/tests/anacapa_tests" "--gtest_filter=LightSampler.SelectionProbabilities" "--gtest_also_run_disabled_tests"
Directory: /Users/douglascreel/dev/anacapa/build/tests
"LightSampler.SelectionProbabilities" start time: Mar 29 17:10 PDT
Output:
----------------------------------------------------------
Running main() from /Users/douglascreel/dev/anacapa/build/_deps/googletest-src/googletest/src/gtest_main.cc
Note: Google Test filter = LightSampler.SelectionProbabilities
[==========] Running 1 test from 1 test suite.
[----------] Global test environment set-up.
[----------] 1 test from LightSampler
[ RUN      ] LightSampler.SelectionProbabilities
[       OK ] LightSampler.SelectionProbabilities (0 ms)
[----------] 1 test from LightSampler (0 ms total)

[----------] Global test environment tear-down
[==========] 1 test from 1 test suite ran. (0 ms total)
[  PASSED  ] 1 test.
<end of output>
Test time =   0.03 sec
----------------------------------------------------------
Test Passed.
"LightSampler.SelectionProbabilities" end time: Mar 29 17:10 PDT
"LightSampler.SelectionProbabilities" time elapsed: 00:00:00
----------------------------------------------------------

16/31 Testing: LightSampler.SelectionConverges
16/31 Test: LightSampler.SelectionConverges
Command: "/Users/douglascreel/dev/anacapa/build/tests/anacapa_tests" "--gtest_filter=LightSampler.SelectionConverges" "--gtest_also_run_disabled_tests"
Directory: /Users/douglascreel/dev/anacapa/build/tests
"LightSampler.SelectionConverges" start time: Mar 29 17:10 PDT
Output:
----------------------------------------------------------
Running main() from /Users/douglascreel/dev/anacapa/build/_deps/googletest-src/googletest/src/gtest_main.cc
Note: Google Test filter = LightSampler.SelectionConverges
[==========] Running 1 test from 1 test suite.
[----------] Global test environment set-up.
[----------] 1 test from LightSampler
[ RUN      ] LightSampler.SelectionConverges
[       OK ] LightSampler.SelectionConverges (0 ms)
[----------] 1 test from LightSampler (0 ms total)

[----------] Global test environment tear-down
[==========] 1 test from 1 test suite ran. (0 ms total)
[  PASSED  ] 1 test.
<end of output>
Test time =   0.03 sec
----------------------------------------------------------
Test Passed.
"LightSampler.SelectionConverges" end time: Mar 29 17:10 PDT
"LightSampler.SelectionConverges" time elapsed: 00:00:00
----------------------------------------------------------

17/31 Testing: BVH.SingleTriangleHit
17/31 Test: BVH.SingleTriangleHit
Command: "/Users/douglascreel/dev/anacapa/build/tests/anacapa_tests" "--gtest_filter=BVH.SingleTriangleHit" "--gtest_also_run_disabled_tests"
Directory: /Users/douglascreel/dev/anacapa/build/tests
"BVH.SingleTriangleHit" start time: Mar 29 17:10 PDT
Output:
----------------------------------------------------------
Running main() from /Users/douglascreel/dev/anacapa/build/_deps/googletest-src/googletest/src/gtest_main.cc
Note: Google Test filter = BVH.SingleTriangleHit
[==========] Running 1 test from 1 test suite.
[----------] Global test environment set-up.
[----------] 1 test from BVH
[ RUN      ] BVH.SingleTriangleHit
[       OK ] BVH.SingleTriangleHit (0 ms)
[----------] 1 test from BVH (0 ms total)

[----------] Global test environment tear-down
[==========] 1 test from 1 test suite ran. (0 ms total)
[  PASSED  ] 1 test.
<end of output>
Test time =   0.03 sec
----------------------------------------------------------
Test Passed.
"BVH.SingleTriangleHit" end time: Mar 29 17:10 PDT
"BVH.SingleTriangleHit" time elapsed: 00:00:00
----------------------------------------------------------

18/31 Testing: BVH.SingleTriangleMiss
18/31 Test: BVH.SingleTriangleMiss
Command: "/Users/douglascreel/dev/anacapa/build/tests/anacapa_tests" "--gtest_filter=BVH.SingleTriangleMiss" "--gtest_also_run_disabled_tests"
Directory: /Users/douglascreel/dev/anacapa/build/tests
"BVH.SingleTriangleMiss" start time: Mar 29 17:10 PDT
Output:
----------------------------------------------------------
Running main() from /Users/douglascreel/dev/anacapa/build/_deps/googletest-src/googletest/src/gtest_main.cc
Note: Google Test filter = BVH.SingleTriangleMiss
[==========] Running 1 test from 1 test suite.
[----------] Global test environment set-up.
[----------] 1 test from BVH
[ RUN      ] BVH.SingleTriangleMiss
[       OK ] BVH.SingleTriangleMiss (0 ms)
[----------] 1 test from BVH (0 ms total)

[----------] Global test environment tear-down
[==========] 1 test from 1 test suite ran. (0 ms total)
[  PASSED  ] 1 test.
<end of output>
Test time =   0.03 sec
----------------------------------------------------------
Test Passed.
"BVH.SingleTriangleMiss" end time: Mar 29 17:10 PDT
"BVH.SingleTriangleMiss" time elapsed: 00:00:00
----------------------------------------------------------

19/31 Testing: BVH.OcclusionTest
19/31 Test: BVH.OcclusionTest
Command: "/Users/douglascreel/dev/anacapa/build/tests/anacapa_tests" "--gtest_filter=BVH.OcclusionTest" "--gtest_also_run_disabled_tests"
Directory: /Users/douglascreel/dev/anacapa/build/tests
"BVH.OcclusionTest" start time: Mar 29 17:10 PDT
Output:
----------------------------------------------------------
Running main() from /Users/douglascreel/dev/anacapa/build/_deps/googletest-src/googletest/src/gtest_main.cc
Note: Google Test filter = BVH.OcclusionTest
[==========] Running 1 test from 1 test suite.
[----------] Global test environment set-up.
[----------] 1 test from BVH
[ RUN      ] BVH.OcclusionTest
[       OK ] BVH.OcclusionTest (0 ms)
[----------] 1 test from BVH (0 ms total)

[----------] Global test environment tear-down
[==========] 1 test from 1 test suite ran. (0 ms total)
[  PASSED  ] 1 test.
<end of output>
Test time =   0.03 sec
----------------------------------------------------------
Test Passed.
"BVH.OcclusionTest" end time: Mar 29 17:10 PDT
"BVH.OcclusionTest" time elapsed: 00:00:00
----------------------------------------------------------

20/31 Testing: BVH.MultipleTriangles
20/31 Test: BVH.MultipleTriangles
Command: "/Users/douglascreel/dev/anacapa/build/tests/anacapa_tests" "--gtest_filter=BVH.MultipleTriangles" "--gtest_also_run_disabled_tests"
Directory: /Users/douglascreel/dev/anacapa/build/tests
"BVH.MultipleTriangles" start time: Mar 29 17:10 PDT
Output:
----------------------------------------------------------
Running main() from /Users/douglascreel/dev/anacapa/build/_deps/googletest-src/googletest/src/gtest_main.cc
Note: Google Test filter = BVH.MultipleTriangles
[==========] Running 1 test from 1 test suite.
[----------] Global test environment set-up.
[----------] 1 test from BVH
[ RUN      ] BVH.MultipleTriangles
[       OK ] BVH.MultipleTriangles (0 ms)
[----------] 1 test from BVH (0 ms total)

[----------] Global test environment tear-down
[==========] 1 test from 1 test suite ran. (0 ms total)
[  PASSED  ] 1 test.
<end of output>
Test time =   0.03 sec
----------------------------------------------------------
Test Passed.
"BVH.MultipleTriangles" end time: Mar 29 17:10 PDT
"BVH.MultipleTriangles" time elapsed: 00:00:00
----------------------------------------------------------

21/31 Testing: PCGRng.ValuesInRange
21/31 Test: PCGRng.ValuesInRange
Command: "/Users/douglascreel/dev/anacapa/build/tests/anacapa_tests" "--gtest_filter=PCGRng.ValuesInRange" "--gtest_also_run_disabled_tests"
Directory: /Users/douglascreel/dev/anacapa/build/tests
"PCGRng.ValuesInRange" start time: Mar 29 17:10 PDT
Output:
----------------------------------------------------------
Running main() from /Users/douglascreel/dev/anacapa/build/_deps/googletest-src/googletest/src/gtest_main.cc
Note: Google Test filter = PCGRng.ValuesInRange
[==========] Running 1 test from 1 test suite.
[----------] Global test environment set-up.
[----------] 1 test from PCGRng
[ RUN      ] PCGRng.ValuesInRange
[       OK ] PCGRng.ValuesInRange (0 ms)
[----------] 1 test from PCGRng (0 ms total)

[----------] Global test environment tear-down
[==========] 1 test from 1 test suite ran. (0 ms total)
[  PASSED  ] 1 test.
<end of output>
Test time =   0.03 sec
----------------------------------------------------------
Test Passed.
"PCGRng.ValuesInRange" end time: Mar 29 17:10 PDT
"PCGRng.ValuesInRange" time elapsed: 00:00:00
----------------------------------------------------------

22/31 Testing: PCGRng.Reproducible
22/31 Test: PCGRng.Reproducible
Command: "/Users/douglascreel/dev/anacapa/build/tests/anacapa_tests" "--gtest_filter=PCGRng.Reproducible" "--gtest_also_run_disabled_tests"
Directory: /Users/douglascreel/dev/anacapa/build/tests
"PCGRng.Reproducible" start time: Mar 29 17:10 PDT
Output:
----------------------------------------------------------
Running main() from /Users/douglascreel/dev/anacapa/build/_deps/googletest-src/googletest/src/gtest_main.cc
Note: Google Test filter = PCGRng.Reproducible
[==========] Running 1 test from 1 test suite.
[----------] Global test environment set-up.
[----------] 1 test from PCGRng
[ RUN      ] PCGRng.Reproducible
[       OK ] PCGRng.Reproducible (0 ms)
[----------] 1 test from PCGRng (0 ms total)

[----------] Global test environment tear-down
[==========] 1 test from 1 test suite ran. (0 ms total)
[  PASSED  ] 1 test.
<end of output>
Test time =   0.03 sec
----------------------------------------------------------
Test Passed.
"PCGRng.Reproducible" end time: Mar 29 17:10 PDT
"PCGRng.Reproducible" time elapsed: 00:00:00
----------------------------------------------------------

23/31 Testing: HaltonSampler.Uniformity1D
23/31 Test: HaltonSampler.Uniformity1D
Command: "/Users/douglascreel/dev/anacapa/build/tests/anacapa_tests" "--gtest_filter=HaltonSampler.Uniformity1D" "--gtest_also_run_disabled_tests"
Directory: /Users/douglascreel/dev/anacapa/build/tests
"HaltonSampler.Uniformity1D" start time: Mar 29 17:10 PDT
Output:
----------------------------------------------------------
Running main() from /Users/douglascreel/dev/anacapa/build/_deps/googletest-src/googletest/src/gtest_main.cc
Note: Google Test filter = HaltonSampler.Uniformity1D
[==========] Running 1 test from 1 test suite.
[----------] Global test environment set-up.
[----------] 1 test from HaltonSampler
[ RUN      ] HaltonSampler.Uniformity1D
[       OK ] HaltonSampler.Uniformity1D (0 ms)
[----------] 1 test from HaltonSampler (0 ms total)

[----------] Global test environment tear-down
[==========] 1 test from 1 test suite ran. (0 ms total)
[  PASSED  ] 1 test.
<end of output>
Test time =   0.03 sec
----------------------------------------------------------
Test Passed.
"HaltonSampler.Uniformity1D" end time: Mar 29 17:10 PDT
"HaltonSampler.Uniformity1D" time elapsed: 00:00:00
----------------------------------------------------------

24/31 Testing: HaltonSampler.DifferentPixelsDiffer
24/31 Test: HaltonSampler.DifferentPixelsDiffer
Command: "/Users/douglascreel/dev/anacapa/build/tests/anacapa_tests" "--gtest_filter=HaltonSampler.DifferentPixelsDiffer" "--gtest_also_run_disabled_tests"
Directory: /Users/douglascreel/dev/anacapa/build/tests
"HaltonSampler.DifferentPixelsDiffer" start time: Mar 29 17:10 PDT
Output:
----------------------------------------------------------
Running main() from /Users/douglascreel/dev/anacapa/build/_deps/googletest-src/googletest/src/gtest_main.cc
Note: Google Test filter = HaltonSampler.DifferentPixelsDiffer
[==========] Running 1 test from 1 test suite.
[----------] Global test environment set-up.
[----------] 1 test from HaltonSampler
[ RUN      ] HaltonSampler.DifferentPixelsDiffer
[       OK ] HaltonSampler.DifferentPixelsDiffer (0 ms)
[----------] 1 test from HaltonSampler (0 ms total)

[----------] Global test environment tear-down
[==========] 1 test from 1 test suite ran. (0 ms total)
[  PASSED  ] 1 test.
<end of output>
Test time =   0.03 sec
----------------------------------------------------------
Test Passed.
"HaltonSampler.DifferentPixelsDiffer" end time: Mar 29 17:10 PDT
"HaltonSampler.DifferentPixelsDiffer" time elapsed: 00:00:00
----------------------------------------------------------

25/31 Testing: Vec3f.BasicArithmetic
25/31 Test: Vec3f.BasicArithmetic
Command: "/Users/douglascreel/dev/anacapa/build/tests/anacapa_tests" "--gtest_filter=Vec3f.BasicArithmetic" "--gtest_also_run_disabled_tests"
Directory: /Users/douglascreel/dev/anacapa/build/tests
"Vec3f.BasicArithmetic" start time: Mar 29 17:10 PDT
Output:
----------------------------------------------------------
Running main() from /Users/douglascreel/dev/anacapa/build/_deps/googletest-src/googletest/src/gtest_main.cc
Note: Google Test filter = Vec3f.BasicArithmetic
[==========] Running 1 test from 1 test suite.
[----------] Global test environment set-up.
[----------] 1 test from Vec3f
[ RUN      ] Vec3f.BasicArithmetic
[       OK ] Vec3f.BasicArithmetic (0 ms)
[----------] 1 test from Vec3f (0 ms total)

[----------] Global test environment tear-down
[==========] 1 test from 1 test suite ran. (0 ms total)
[  PASSED  ] 1 test.
<end of output>
Test time =   0.03 sec
----------------------------------------------------------
Test Passed.
"Vec3f.BasicArithmetic" end time: Mar 29 17:10 PDT
"Vec3f.BasicArithmetic" time elapsed: 00:00:00
----------------------------------------------------------

26/31 Testing: Vec3f.DotProduct
26/31 Test: Vec3f.DotProduct
Command: "/Users/douglascreel/dev/anacapa/build/tests/anacapa_tests" "--gtest_filter=Vec3f.DotProduct" "--gtest_also_run_disabled_tests"
Directory: /Users/douglascreel/dev/anacapa/build/tests
"Vec3f.DotProduct" start time: Mar 29 17:10 PDT
Output:
----------------------------------------------------------
Running main() from /Users/douglascreel/dev/anacapa/build/_deps/googletest-src/googletest/src/gtest_main.cc
Note: Google Test filter = Vec3f.DotProduct
[==========] Running 1 test from 1 test suite.
[----------] Global test environment set-up.
[----------] 1 test from Vec3f
[ RUN      ] Vec3f.DotProduct
[       OK ] Vec3f.DotProduct (0 ms)
[----------] 1 test from Vec3f (0 ms total)

[----------] Global test environment tear-down
[==========] 1 test from 1 test suite ran. (0 ms total)
[  PASSED  ] 1 test.
<end of output>
Test time =   0.03 sec
----------------------------------------------------------
Test Passed.
"Vec3f.DotProduct" end time: Mar 29 17:10 PDT
"Vec3f.DotProduct" time elapsed: 00:00:00
----------------------------------------------------------

27/31 Testing: Vec3f.CrossProduct
27/31 Test: Vec3f.CrossProduct
Command: "/Users/douglascreel/dev/anacapa/build/tests/anacapa_tests" "--gtest_filter=Vec3f.CrossProduct" "--gtest_also_run_disabled_tests"
Directory: /Users/douglascreel/dev/anacapa/build/tests
"Vec3f.CrossProduct" start time: Mar 29 17:10 PDT
Output:
----------------------------------------------------------
Running main() from /Users/douglascreel/dev/anacapa/build/_deps/googletest-src/googletest/src/gtest_main.cc
Note: Google Test filter = Vec3f.CrossProduct
[==========] Running 1 test from 1 test suite.
[----------] Global test environment set-up.
[----------] 1 test from Vec3f
[ RUN      ] Vec3f.CrossProduct
[       OK ] Vec3f.CrossProduct (0 ms)
[----------] 1 test from Vec3f (0 ms total)

[----------] Global test environment tear-down
[==========] 1 test from 1 test suite ran. (0 ms total)
[  PASSED  ] 1 test.
<end of output>
Test time =   0.03 sec
----------------------------------------------------------
Test Passed.
"Vec3f.CrossProduct" end time: Mar 29 17:10 PDT
"Vec3f.CrossProduct" time elapsed: 00:00:00
----------------------------------------------------------

28/31 Testing: Vec3f.Normalize
28/31 Test: Vec3f.Normalize
Command: "/Users/douglascreel/dev/anacapa/build/tests/anacapa_tests" "--gtest_filter=Vec3f.Normalize" "--gtest_also_run_disabled_tests"
Directory: /Users/douglascreel/dev/anacapa/build/tests
"Vec3f.Normalize" start time: Mar 29 17:10 PDT
Output:
----------------------------------------------------------
Running main() from /Users/douglascreel/dev/anacapa/build/_deps/googletest-src/googletest/src/gtest_main.cc
Note: Google Test filter = Vec3f.Normalize
[==========] Running 1 test from 1 test suite.
[----------] Global test environment set-up.
[----------] 1 test from Vec3f
[ RUN      ] Vec3f.Normalize
[       OK ] Vec3f.Normalize (0 ms)
[----------] 1 test from Vec3f (0 ms total)

[----------] Global test environment tear-down
[==========] 1 test from 1 test suite ran. (0 ms total)
[  PASSED  ] 1 test.
<end of output>
Test time =   0.03 sec
----------------------------------------------------------
Test Passed.
"Vec3f.Normalize" end time: Mar 29 17:10 PDT
"Vec3f.Normalize" time elapsed: 00:00:00
----------------------------------------------------------

29/31 Testing: Vec3f.OrthonormalBasis
29/31 Test: Vec3f.OrthonormalBasis
Command: "/Users/douglascreel/dev/anacapa/build/tests/anacapa_tests" "--gtest_filter=Vec3f.OrthonormalBasis" "--gtest_also_run_disabled_tests"
Directory: /Users/douglascreel/dev/anacapa/build/tests
"Vec3f.OrthonormalBasis" start time: Mar 29 17:10 PDT
Output:
----------------------------------------------------------
Running main() from /Users/douglascreel/dev/anacapa/build/_deps/googletest-src/googletest/src/gtest_main.cc
Note: Google Test filter = Vec3f.OrthonormalBasis
[==========] Running 1 test from 1 test suite.
[----------] Global test environment set-up.
[----------] 1 test from Vec3f
[ RUN      ] Vec3f.OrthonormalBasis
[       OK ] Vec3f.OrthonormalBasis (0 ms)
[----------] 1 test from Vec3f (0 ms total)

[----------] Global test environment tear-down
[==========] 1 test from 1 test suite ran. (0 ms total)
[  PASSED  ] 1 test.
<end of output>
Test time =   0.03 sec
----------------------------------------------------------
Test Passed.
"Vec3f.OrthonormalBasis" end time: Mar 29 17:10 PDT
"Vec3f.OrthonormalBasis" time elapsed: 00:00:00
----------------------------------------------------------

30/31 Testing: BBox3f.ExpandAndCentroid
30/31 Test: BBox3f.ExpandAndCentroid
Command: "/Users/douglascreel/dev/anacapa/build/tests/anacapa_tests" "--gtest_filter=BBox3f.ExpandAndCentroid" "--gtest_also_run_disabled_tests"
Directory: /Users/douglascreel/dev/anacapa/build/tests
"BBox3f.ExpandAndCentroid" start time: Mar 29 17:10 PDT
Output:
----------------------------------------------------------
Running main() from /Users/douglascreel/dev/anacapa/build/_deps/googletest-src/googletest/src/gtest_main.cc
Note: Google Test filter = BBox3f.ExpandAndCentroid
[==========] Running 1 test from 1 test suite.
[----------] Global test environment set-up.
[----------] 1 test from BBox3f
[ RUN      ] BBox3f.ExpandAndCentroid
[       OK ] BBox3f.ExpandAndCentroid (0 ms)
[----------] 1 test from BBox3f (0 ms total)

[----------] Global test environment tear-down
[==========] 1 test from 1 test suite ran. (0 ms total)
[  PASSED  ] 1 test.
<end of output>
Test time =   0.03 sec
----------------------------------------------------------
Test Passed.
"BBox3f.ExpandAndCentroid" end time: Mar 29 17:10 PDT
"BBox3f.ExpandAndCentroid" time elapsed: 00:00:00
----------------------------------------------------------

31/31 Testing: Ray.SpawnRayAvoidsSelfIntersection
31/31 Test: Ray.SpawnRayAvoidsSelfIntersection
Command: "/Users/douglascreel/dev/anacapa/build/tests/anacapa_tests" "--gtest_filter=Ray.SpawnRayAvoidsSelfIntersection" "--gtest_also_run_disabled_tests"
Directory: /Users/douglascreel/dev/anacapa/build/tests
"Ray.SpawnRayAvoidsSelfIntersection" start time: Mar 29 17:10 PDT
Output:
----------------------------------------------------------
Running main() from /Users/douglascreel/dev/anacapa/build/_deps/googletest-src/googletest/src/gtest_main.cc
Note: Google Test filter = Ray.SpawnRayAvoidsSelfIntersection
[==========] Running 1 test from 1 test suite.
[----------] Global test environment set-up.
[----------] 1 test from Ray
[ RUN      ] Ray.SpawnRayAvoidsSelfIntersection
[       OK ] Ray.SpawnRayAvoidsSelfIntersection (0 ms)
[----------] 1 test from Ray (0 ms total)

[----------] Global test environment tear-down
[==========] 1 test from 1 test suite ran. (0 ms total)
[  PASSED  ] 1 test.
<end of output>
Test time =   0.03 sec
----------------------------------------------------------
Test Passed.
"Ray.SpawnRayAvoidsSelfIntersection" end time: Mar 29 17:10 PDT
"Ray.SpawnRayAvoidsSelfIntersection" time elapsed: 00:00:00
----------------------------------------------------------

End testing: Mar 29 17:10 PDT
